<?xml version="1.0" encoding="UTF-8"?>
<testsuite xmlns:xsi="http://www.w3.org/2001/XMLSchema-instance" xsi:noNamespaceSchemaLocation="https://maven.apache.org/surefire/maven-surefire-plugin/xsd/surefire-test-report.xsd" name="com.somersbmatthews.AppTest" time="0.014" tests="1" errors="0" skipped="0" failures="0">
  <properties>
    <property name="sun.desktop" value="gnome"/>
    <property name="awt.toolkit" value="sun.awt.X11.XToolkit"/>
    <property name="file.encoding.pkg" value="sun.io"/>
    <property name="java.specification.version" value="1.8"/>
    <property name="sun.cpu.isalist" value=""/>
    <property name="sun.jnu.encoding" value="UTF-8"/>
    <property name="java.class.path" value="/home/somersbmatthews/projects/lorm/target/test-classes:/home/somersbmatthews/projects/lorm/target/classes:/home/somersbmatthews/.m2/repository/com/fasterxml/jackson/dataformat/jackson-dataformat-yaml/2.13.1/jackson-dataformat-yaml-2.13.1.jar:/home/somersbmatthews/.m2/repository/org/yaml/snakeyaml/1.28/snakeyaml-1.28.jar:/home/somersbmatthews/.m2/repository/com/fasterxml/jackson/core/jackson-core/2.13.1/jackson-core-2.13.1.jar:/home/somersbmatthews/.m2/repository/com/fasterxml/jackson/core/jackson-databind/2.13.1/jackson-databind-2.13.1.jar:/home/somersbmatthews/.m2/repository/com/fasterxml/jackson/core/jackson-annotations/2.13.1/jackson-annotations-2.13.1.jar:/home/somersbmatthews/.m2/repository/org/apache/logging/log4j/log4j-api/2.17.0/log4j-api-2.17.0.jar:/home/somersbmatthews/.m2/repository/org/apache/logging/log4j/log4j-core/2.17.0/log4j-core-2.17.0.jar:/home/somersbmatthews/.m2/repository/org/apache/logging/log4j/log4j-slf4j-impl/2.11.0/log4j-slf4j-impl-2.11.0.jar:/home/somersbmatthews/.m2/repository/org/slf4j/slf4j-api/1.8.0-alpha2/slf4j-api-1.8.0-alpha2.jar:/home/somersbmatthews/.m2/repository/javax/persistence/javax.persistence-api/2.2/javax.persistence-api-2.2.jar:/home/somersbmatthews/.m2/repository/junit/junit/4.11/junit-4.11.jar:/home/somersbmatthews/.m2/repository/org/hamcrest/hamcrest-core/1.3/hamcrest-core-1.3.jar:/home/somersbmatthews/.m2/repository/com/zaxxer/HikariCP/3.4.5/HikariCP-3.4.5.jar:/home/somersbmatthews/.m2/repository/org/postgresql/postgresql/42.2.23/postgresql-42.2.23.jar:/home/somersbmatthews/.m2/repository/org/checkerframework/checker-qual/3.5.0/checker-qual-3.5.0.jar:"/>
    <property name="java.vm.vendor" value="Private Build"/>
    <property name="sun.arch.data.model" value="64"/>
    <property name="java.vendor.url" value="http://java.oracle.com/"/>
    <property name="user.timezone" value=""/>
    <property name="java.vm.specification.version" value="1.8"/>
    <property name="os.name" value="Linux"/>
    <property name="user.country" value="US"/>
    <property name="sun.java.launcher" value="SUN_STANDARD"/>
    <property name="sun.boot.library.path" value="/usr/lib/jvm/java-8-openjdk-amd64/jre/lib/amd64"/>
    <property name="sun.java.command" value="/home/somersbmatthews/projects/lorm/target/surefire/surefirebooter8892512069444908975.jar /home/somersbmatthews/projects/lorm/target/surefire 2022-01-10T10-42-22_508-jvmRun1 surefire123717210675669325tmp surefire_06392831497851056144tmp"/>
    <property name="surefire.test.class.path" value="/home/somersbmatthews/projects/lorm/target/test-classes:/home/somersbmatthews/projects/lorm/target/classes:/home/somersbmatthews/.m2/repository/com/fasterxml/jackson/dataformat/jackson-dataformat-yaml/2.13.1/jackson-dataformat-yaml-2.13.1.jar:/home/somersbmatthews/.m2/repository/org/yaml/snakeyaml/1.28/snakeyaml-1.28.jar:/home/somersbmatthews/.m2/repository/com/fasterxml/jackson/core/jackson-core/2.13.1/jackson-core-2.13.1.jar:/home/somersbmatthews/.m2/repository/com/fasterxml/jackson/core/jackson-databind/2.13.1/jackson-databind-2.13.1.jar:/home/somersbmatthews/.m2/repository/com/fasterxml/jackson/core/jackson-annotations/2.13.1/jackson-annotations-2.13.1.jar:/home/somersbmatthews/.m2/repository/org/apache/logging/log4j/log4j-api/2.17.0/log4j-api-2.17.0.jar:/home/somersbmatthews/.m2/repository/org/apache/logging/log4j/log4j-core/2.17.0/log4j-core-2.17.0.jar:/home/somersbmatthews/.m2/repository/org/apache/logging/log4j/log4j-slf4j-impl/2.11.0/log4j-slf4j-impl-2.11.0.jar:/home/somersbmatthews/.m2/repository/org/slf4j/slf4j-api/1.8.0-alpha2/slf4j-api-1.8.0-alpha2.jar:/home/somersbmatthews/.m2/repository/javax/persistence/javax.persistence-api/2.2/javax.persistence-api-2.2.jar:/home/somersbmatthews/.m2/repository/junit/junit/4.11/junit-4.11.jar:/home/somersbmatthews/.m2/repository/org/hamcrest/hamcrest-core/1.3/hamcrest-core-1.3.jar:/home/somersbmatthews/.m2/repository/com/zaxxer/HikariCP/3.4.5/HikariCP-3.4.5.jar:/home/somersbmatthews/.m2/repository/org/postgresql/postgresql/42.2.23/postgresql-42.2.23.jar:/home/somersbmatthews/.m2/repository/org/checkerframework/checker-qual/3.5.0/checker-qual-3.5.0.jar:"/>
    <property name="sun.cpu.endian" value="little"/>
    <property name="user.home" value="/home/somersbmatthews"/>
    <property name="user.language" value="en"/>
    <property name="java.specification.vendor" value="Oracle Corporation"/>
    <property name="java.home" value="/usr/lib/jvm/java-8-openjdk-amd64/jre"/>
    <property name="basedir" value="/home/somersbmatthews/projects/lorm"/>
    <property name="file.separator" value="/"/>
    <property name="line.separator" value="&#10;"/>
    <property name="java.vm.specification.vendor" value="Oracle Corporation"/>
    <property name="java.specification.name" value="Java Platform API Specification"/>
    <property name="java.awt.graphicsenv" value="sun.awt.X11GraphicsEnvironment"/>
    <property name="surefire.real.class.path" value="/home/somersbmatthews/projects/lorm/target/surefire/surefirebooter8892512069444908975.jar"/>
    <property name="sun.boot.class.path" value="/usr/lib/jvm/java-8-openjdk-amd64/jre/lib/resources.jar:/usr/lib/jvm/java-8-openjdk-amd64/jre/lib/rt.jar:/usr/lib/jvm/java-8-openjdk-amd64/jre/lib/sunrsasign.jar:/usr/lib/jvm/java-8-openjdk-amd64/jre/lib/jsse.jar:/usr/lib/jvm/java-8-openjdk-amd64/jre/lib/jce.jar:/usr/lib/jvm/java-8-openjdk-amd64/jre/lib/charsets.jar:/usr/lib/jvm/java-8-openjdk-amd64/jre/lib/jfr.jar:/usr/lib/jvm/java-8-openjdk-amd64/jre/classes"/>
    <property name="sun.management.compiler" value="HotSpot 64-Bit Tiered Compilers"/>
    <property name="java.runtime.version" value="1.8.0_312-8u312-b07-0ubuntu1~21.04-b07"/>
    <property name="user.name" value="somersbmatthews"/>
    <property name="path.separator" value=":"/>
    <property name="os.version" value="5.15.8-76051508-generic"/>
    <property name="java.endorsed.dirs" value="/usr/lib/jvm/java-8-openjdk-amd64/jre/lib/endorsed"/>
    <property name="java.runtime.name" value="OpenJDK Runtime Environment"/>
    <property name="file.encoding" value="UTF-8"/>
    <property name="java.vm.name" value="OpenJDK 64-Bit Server VM"/>
    <property name="localRepository" value="/home/somersbmatthews/.m2/repository"/>
    <property name="java.vendor.url.bug" value="http://bugreport.sun.com/bugreport/"/>
    <property name="java.io.tmpdir" value="/tmp"/>
    <property name="java.version" value="1.8.0_312"/>
    <property name="user.dir" value="/home/somersbmatthews/projects/lorm"/>
    <property name="os.arch" value="amd64"/>
    <property name="java.vm.specification.name" value="Java Virtual Machine Specification"/>
    <property name="java.awt.printerjob" value="sun.print.PSPrinterJob"/>
    <property name="sun.os.patch.level" value="unknown"/>
    <property name="java.library.path" value="/usr/java/packages/lib/amd64:/usr/lib/x86_64-linux-gnu/jni:/lib/x86_64-linux-gnu:/usr/lib/x86_64-linux-gnu:/usr/lib/jni:/lib:/usr/lib"/>
    <property name="java.vm.info" value="mixed mode"/>
    <property name="java.vendor" value="Private Build"/>
    <property name="java.vm.version" value="25.312-b07"/>
    <property name="java.ext.dirs" value="/usr/lib/jvm/java-8-openjdk-amd64/jre/lib/ext:/usr/java/packages/lib/ext"/>
    <property name="sun.io.unicode.encoding" value="UnicodeLittle"/>
    <property name="java.class.version" value="52.0"/>
  </properties>
  <testcase name="shouldAnswerWithTrue" classname="com.somersbmatthews.AppTest" time="0.001"/>
</testsuite>